<?xml version="1.0" encoding="UTF-8"?>
<!-- Generated by org.testng.reporters.JUnitReportReporter -->
<testsuite hostname="Hrushipriya8519" failures="0" tests="3" name="TestNg1.xml1" time="24.756" errors="0" timestamp="2022-10-07T23:09:49 IST" skipped="0">
  <testcase classname="TestNg1.xml1" name="Module3" time="7.005"/>
  <system-out/>
  <testcase classname="TestNg1.xml1" name="Module1" time="10.265"/>
  <system-out/>
  <testcase classname="TestNg1.xml1" name="Module2" time="7.486"/>
  <system-out/>
</testsuite> <!-- TestNg1.xml1 -->
