<?xml version="1.0" encoding="UTF-8"?>
<!-- Generated by org.testng.reporters.JUnitReportReporter -->
<testsuite hostname="Hrushipriya8519" failures="0" tests="2" name="Cross_BrowserTesting.CBT1" time="128.691" errors="0" timestamp="2022-10-10T22:59:45 IST" skipped="0">
  <testcase classname="Cross_BrowserTesting.CBT1" name="LoginTest" time="64.786"/>
  <system-out/>
  <testcase classname="Cross_BrowserTesting.CBT1" name="LoginTest" time="63.905"/>
  <system-out/>
</testsuite> <!-- Cross_BrowserTesting.CBT1 -->
