<?xml version="1.0" encoding="UTF-8"?>
<!-- Generated by org.testng.reporters.JUnitReportReporter -->
<testsuite hostname="Hrushipriya8519" failures="0" tests="2" name="Reports.emailable_report" time="0.017" errors="0" timestamp="2022-10-09T14:15:14 IST" skipped="0">
  <testcase classname="Reports.emailable_report" name="SearchTest" time="0.014"/>
  <system-out>
    <![CDATA[Running testcases 1]]>
  </system-out>
  <testcase classname="Reports.emailable_report" name="googleTitle" time="0.003"/>
  <system-out>
    <![CDATA[Running testcases 1]]>
  </system-out>
</testsuite> <!-- Reports.emailable_report -->
