<?xml version="1.0" encoding="UTF-8"?>
<!-- Generated by org.testng.reporters.JUnitReportReporter -->
<testsuite hostname="Hrushipriya8519" failures="0" tests="1" name="Dataprovider1.FaceDDP3" time="6.330" errors="0" timestamp="2022-10-09T13:58:46 IST" skipped="0">
  <testcase classname="Dataprovider1.FaceDDP3" name="Facebooklogin" time="6.330"/>
  <system-out/>
</testsuite> <!-- Dataprovider1.FaceDDP3 -->
