<?xml version="1.0" encoding="UTF-8"?>
<!-- Generated by org.testng.reporters.JUnitReportReporter -->
<testsuite hostname="Hrushipriya8519" failures="0" tests="3" name="annotations.keys" time="18.826" errors="0" timestamp="2022-10-06T21:11:54 IST" skipped="0">
  <testcase classname="annotations.keys" name="kitelogoTest" time="9.123"/>
  <system-out/>
  <testcase classname="annotations.keys" name="ZiteloginpageTitle" time="5.887"/>
  <system-out/>
  <testcase classname="annotations.keys" name="Forgetuserlink" time="3.816"/>
  <system-out/>
</testsuite> <!-- annotations.keys -->
