<?xml version="1.0" encoding="UTF-8"?>
<!-- Generated by org.testng.reporters.JUnitReportReporter -->
<testsuite hostname="Hrushipriya8519" failures="0" tests="1" name="Parameterization1.Demo3" time="37.923" errors="0" timestamp="2022-10-10T22:51:47 IST" skipped="0">
  <testcase classname="Parameterization1.Demo3" name="LoginTest" time="37.923"/>
  <system-out/>
</testsuite> <!-- Parameterization1.Demo3 -->
