<?xml version="1.0" encoding="UTF-8"?>
<!-- Generated by org.testng.reporters.JUnitReportReporter -->
<testsuite hostname="Hrushipriya8519" failures="0" tests="3" name="Parallaltesting.Test1" time="20.357" errors="0" timestamp="2022-10-13T00:01:07 IST" skipped="0">
  <testcase classname="Parallaltesting.Test1" name="Module1" time="8.693"/>
  <system-out/>
  <testcase classname="Parallaltesting.Test1" name="Module3" time="5.621"/>
  <system-out/>
  <testcase classname="Parallaltesting.Test1" name="Module2" time="6.043"/>
  <system-out/>
</testsuite> <!-- Parallaltesting.Test1 -->
