<?xml version="1.0" encoding="UTF-8"?>
<!-- Generated by org.testng.reporters.JUnitReportReporter -->
<testsuite hostname="Hrushipriya8519" failures="0" tests="3" name="annotations.Annotations" time="0.018" errors="0" timestamp="2022-10-30T19:39:32 IST" skipped="0">
  <testcase classname="annotations.Annotations" name="GoogleTitle" time="0.003"/>
  <system-out/>
  <testcase classname="annotations.Annotations" name="Demo" time="0.013"/>
  <system-out/>
  <testcase classname="annotations.Annotations" name="GoogleLogo" time="0.002"/>
  <system-out/>
</testsuite> <!-- annotations.Annotations -->
