<?xml version="1.0" encoding="UTF-8"?>
<!-- Generated by org.testng.reporters.JUnitReportReporter -->
<testsuite hostname="Hrushipriya8519" failures="0" tests="1" name="Keywords.handle_exception" time="0.011" errors="0" timestamp="2022-10-08T10:40:59 IST" skipped="0">
  <testcase classname="Keywords.handle_exception" name="Test" time="0.011"/>
  <system-out/>
</testsuite> <!-- Keywords.handle_exception -->
