<?xml version="1.0" encoding="UTF-8"?>
<!-- Generated by org.testng.reporters.JUnitReportReporter -->
<testsuite hostname="Hrushipriya8519" failures="0" tests="3" name="Parallaltesting.Test2" time="26.645" errors="0" timestamp="2022-10-09T16:34:44 IST" skipped="0">
  <testcase classname="Parallaltesting.Test2" name="Module2" time="8.414"/>
  <system-out/>
  <testcase classname="Parallaltesting.Test2" name="Module1" time="10.103"/>
  <system-out/>
  <testcase classname="Parallaltesting.Test2" name="Module3" time="8.128"/>
  <system-out/>
</testsuite> <!-- Parallaltesting.Test2 -->
